<?xml version="1.0" encoding="UTF-8"?>
<!-- Generated by org.testng.reporters.JUnitReportReporter -->
<testsuite ignored="0" hostname="WSAMZN-V6J8ACQT" failures="0" tests="1" name="basepack.TestNGTest" time="0.011" errors="0" timestamp="18 Mar 2021 05:04:54 GMT" skipped="0">
  <testcase classname="basepack.TestNGTest" name="mTest" time="0.011"/>
</testsuite> <!-- basepack.TestNGTest -->
